mode: set
github.com/redhat-appstudio/integration-service/git/github/github.go:30.46,31.60 1 1
github.com/redhat-appstudio/integration-service/git/github/github.go:36.2,36.22 1 1
github.com/redhat-appstudio/integration-service/git/github/github.go:31.60,33.3 1 1
github.com/redhat-appstudio/integration-service/git/github/github.go:33.8,33.33 1 1
github.com/redhat-appstudio/integration-service/git/github/github.go:33.33,35.3 1 1
github.com/redhat-appstudio/integration-service/git/github/github.go:83.47,84.19 1 1
github.com/redhat-appstudio/integration-service/git/github/github.go:87.2,87.15 1 1
github.com/redhat-appstudio/integration-service/git/github/github.go:84.19,86.3 1 1
github.com/redhat-appstudio/integration-service/git/github/github.go:91.51,92.21 1 1
github.com/redhat-appstudio/integration-service/git/github/github.go:95.2,95.17 1 1
github.com/redhat-appstudio/integration-service/git/github/github.go:92.21,94.3 1 1
github.com/redhat-appstudio/integration-service/git/github/github.go:99.51,100.21 1 1
github.com/redhat-appstudio/integration-service/git/github/github.go:103.2,103.17 1 1
github.com/redhat-appstudio/integration-service/git/github/github.go:100.21,102.3 1 1
github.com/redhat-appstudio/integration-service/git/github/github.go:107.63,108.20 1 1
github.com/redhat-appstudio/integration-service/git/github/github.go:111.2,111.16 1 1
github.com/redhat-appstudio/integration-service/git/github/github.go:108.20,110.3 1 1
github.com/redhat-appstudio/integration-service/git/github/github.go:118.52,119.25 1 1
github.com/redhat-appstudio/integration-service/git/github/github.go:119.25,121.3 1 1
github.com/redhat-appstudio/integration-service/git/github/github.go:125.56,126.25 1 1
github.com/redhat-appstudio/integration-service/git/github/github.go:126.25,128.3 1 1
github.com/redhat-appstudio/integration-service/git/github/github.go:132.56,133.25 1 1
github.com/redhat-appstudio/integration-service/git/github/github.go:133.25,135.3 1 1
github.com/redhat-appstudio/integration-service/git/github/github.go:139.68,140.25 1 1
github.com/redhat-appstudio/integration-service/git/github/github.go:140.25,142.3 1 1
github.com/redhat-appstudio/integration-service/git/github/github.go:146.66,151.27 2 1
github.com/redhat-appstudio/integration-service/git/github/github.go:155.2,155.16 1 1
github.com/redhat-appstudio/integration-service/git/github/github.go:151.27,153.3 1 1
github.com/redhat-appstudio/integration-service/git/github/github.go:159.136,161.16 2 1
github.com/redhat-appstudio/integration-service/git/github/github.go:165.2,173.16 3 1
github.com/redhat-appstudio/integration-service/git/github/github.go:177.2,177.37 1 1
github.com/redhat-appstudio/integration-service/git/github/github.go:161.16,163.3 1 0
github.com/redhat-appstudio/integration-service/git/github/github.go:173.16,175.3 1 0
github.com/redhat-appstudio/integration-service/git/github/github.go:181.67,187.2 2 1
github.com/redhat-appstudio/integration-service/git/github/github.go:190.92,205.26 3 1
github.com/redhat-appstudio/integration-service/git/github/github.go:209.2,209.29 1 1
github.com/redhat-appstudio/integration-service/git/github/github.go:213.2,213.34 1 1
github.com/redhat-appstudio/integration-service/git/github/github.go:217.2,219.16 2 1
github.com/redhat-appstudio/integration-service/git/github/github.go:223.2,230.19 2 1
github.com/redhat-appstudio/integration-service/git/github/github.go:205.26,207.3 1 1
github.com/redhat-appstudio/integration-service/git/github/github.go:209.29,211.3 1 1
github.com/redhat-appstudio/integration-service/git/github/github.go:213.34,215.3 1 1
github.com/redhat-appstudio/integration-service/git/github/github.go:219.16,221.3 1 0
github.com/redhat-appstudio/integration-service/git/github/github.go:234.100,247.26 3 1
github.com/redhat-appstudio/integration-service/git/github/github.go:251.2,251.34 1 1
github.com/redhat-appstudio/integration-service/git/github/github.go:255.2,257.16 2 1
github.com/redhat-appstudio/integration-service/git/github/github.go:261.2,267.12 2 1
github.com/redhat-appstudio/integration-service/git/github/github.go:247.26,249.3 1 1
github.com/redhat-appstudio/integration-service/git/github/github.go:251.34,253.3 1 1
github.com/redhat-appstudio/integration-service/git/github/github.go:257.16,259.3 1 0
github.com/redhat-appstudio/integration-service/git/github/github.go:272.140,286.16 3 1
github.com/redhat-appstudio/integration-service/git/github/github.go:290.2,290.21 1 1
github.com/redhat-appstudio/integration-service/git/github/github.go:295.2,295.35 1 1
github.com/redhat-appstudio/integration-service/git/github/github.go:300.2,302.17 2 1
github.com/redhat-appstudio/integration-service/git/github/github.go:286.16,288.3 1 0
github.com/redhat-appstudio/integration-service/git/github/github.go:290.21,293.3 2 0
github.com/redhat-appstudio/integration-service/git/github/github.go:295.35,296.35 1 1
github.com/redhat-appstudio/integration-service/git/github/github.go:296.35,298.4 1 1
github.com/redhat-appstudio/integration-service/git/github/github.go:306.125,308.16 2 1
github.com/redhat-appstudio/integration-service/git/github/github.go:312.2,318.25 2 1
github.com/redhat-appstudio/integration-service/git/github/github.go:308.16,310.3 1 0
github.com/redhat-appstudio/integration-service/git/github/github.go:322.168,324.16 2 1
github.com/redhat-appstudio/integration-service/git/github/github.go:328.2,335.24 2 1
github.com/redhat-appstudio/integration-service/git/github/github.go:324.16,326.3 1 0
github.com/redhat-appstudio/integration-service/status/reporters.go:32.75,33.33 1 1
github.com/redhat-appstudio/integration-service/status/reporters.go:33.33,35.3 1 1
github.com/redhat-appstudio/integration-service/status/reporters.go:39.115,46.27 2 1
github.com/redhat-appstudio/integration-service/status/reporters.go:50.2,50.18 1 1
github.com/redhat-appstudio/integration-service/status/reporters.go:46.27,48.3 1 1
github.com/redhat-appstudio/integration-service/status/reporters.go:59.130,65.16 5 1
github.com/redhat-appstudio/integration-service/status/reporters.go:70.2,72.16 3 1
github.com/redhat-appstudio/integration-service/status/reporters.go:77.2,78.12 2 1
github.com/redhat-appstudio/integration-service/status/reporters.go:82.2,83.16 2 1
github.com/redhat-appstudio/integration-service/status/reporters.go:88.2,89.12 2 1
github.com/redhat-appstudio/integration-service/status/reporters.go:93.2,93.22 1 1
github.com/redhat-appstudio/integration-service/status/reporters.go:65.16,67.3 1 1
github.com/redhat-appstudio/integration-service/status/reporters.go:72.16,74.3 1 0
github.com/redhat-appstudio/integration-service/status/reporters.go:78.12,80.3 1 1
github.com/redhat-appstudio/integration-service/status/reporters.go:83.16,85.3 1 1
github.com/redhat-appstudio/integration-service/status/reporters.go:89.12,91.3 1 1
github.com/redhat-appstudio/integration-service/status/reporters.go:96.112,101.108 3 1
github.com/redhat-appstudio/integration-service/status/reporters.go:106.2,107.12 2 1
github.com/redhat-appstudio/integration-service/status/reporters.go:112.2,113.35 2 1
github.com/redhat-appstudio/integration-service/status/reporters.go:120.2,120.23 1 1
github.com/redhat-appstudio/integration-service/status/reporters.go:125.2,127.16 3 1
github.com/redhat-appstudio/integration-service/status/reporters.go:132.2,133.12 2 1
github.com/redhat-appstudio/integration-service/status/reporters.go:137.2,137.27 1 1
github.com/redhat-appstudio/integration-service/status/reporters.go:101.108,103.3 1 0
github.com/redhat-appstudio/integration-service/status/reporters.go:107.12,109.3 1 0
github.com/redhat-appstudio/integration-service/status/reporters.go:113.35,114.27 1 1
github.com/redhat-appstudio/integration-service/status/reporters.go:114.27,116.9 2 1
github.com/redhat-appstudio/integration-service/status/reporters.go:120.23,122.3 1 0
github.com/redhat-appstudio/integration-service/status/reporters.go:127.16,129.3 1 0
github.com/redhat-appstudio/integration-service/status/reporters.go:133.12,135.3 1 0
github.com/redhat-appstudio/integration-service/status/reporters.go:140.121,144.12 3 1
github.com/redhat-appstudio/integration-service/status/reporters.go:148.2,149.12 2 1
github.com/redhat-appstudio/integration-service/status/reporters.go:153.2,154.12 2 1
github.com/redhat-appstudio/integration-service/status/reporters.go:158.2,159.12 2 1
github.com/redhat-appstudio/integration-service/status/reporters.go:163.2,164.12 2 1
github.com/redhat-appstudio/integration-service/status/reporters.go:168.2,171.27 3 1
github.com/redhat-appstudio/integration-service/status/reporters.go:189.2,191.16 3 1
github.com/redhat-appstudio/integration-service/status/reporters.go:195.2,196.57 2 1
github.com/redhat-appstudio/integration-service/status/reporters.go:200.2,201.68 2 1
github.com/redhat-appstudio/integration-service/status/reporters.go:205.2,206.28 2 1
github.com/redhat-appstudio/integration-service/status/reporters.go:210.2,222.8 1 1
github.com/redhat-appstudio/integration-service/status/reporters.go:144.12,146.3 1 0
github.com/redhat-appstudio/integration-service/status/reporters.go:149.12,151.3 1 0
github.com/redhat-appstudio/integration-service/status/reporters.go:154.12,156.3 1 0
github.com/redhat-appstudio/integration-service/status/reporters.go:159.12,161.3 1 0
github.com/redhat-appstudio/integration-service/status/reporters.go:164.12,166.3 1 0
github.com/redhat-appstudio/integration-service/status/reporters.go:171.27,173.3 1 1
github.com/redhat-appstudio/integration-service/status/reporters.go:173.8,176.17 2 1
github.com/redhat-appstudio/integration-service/status/reporters.go:180.3,180.14 1 1
github.com/redhat-appstudio/integration-service/status/reporters.go:176.17,178.4 1 0
github.com/redhat-appstudio/integration-service/status/reporters.go:180.14,183.4 2 1
github.com/redhat-appstudio/integration-service/status/reporters.go:183.9,186.4 2 1
github.com/redhat-appstudio/integration-service/status/reporters.go:191.16,193.3 1 0
github.com/redhat-appstudio/integration-service/status/reporters.go:196.57,198.3 1 1
github.com/redhat-appstudio/integration-service/status/reporters.go:201.68,203.3 1 1
github.com/redhat-appstudio/integration-service/status/reporters.go:206.28,208.3 1 1
github.com/redhat-appstudio/integration-service/status/reporters.go:225.112,234.12 4 1
github.com/redhat-appstudio/integration-service/status/reporters.go:238.2,239.12 2 1
github.com/redhat-appstudio/integration-service/status/reporters.go:243.2,244.12 2 1
github.com/redhat-appstudio/integration-service/status/reporters.go:248.2,249.12 2 1
github.com/redhat-appstudio/integration-service/status/reporters.go:253.2,254.12 2 1
github.com/redhat-appstudio/integration-service/status/reporters.go:258.2,262.27 3 1
github.com/redhat-appstudio/integration-service/status/reporters.go:280.2,281.16 2 1
github.com/redhat-appstudio/integration-service/status/reporters.go:285.2,285.12 1 1
github.com/redhat-appstudio/integration-service/status/reporters.go:234.12,236.3 1 0
github.com/redhat-appstudio/integration-service/status/reporters.go:239.12,241.3 1 0
github.com/redhat-appstudio/integration-service/status/reporters.go:244.12,246.3 1 0
github.com/redhat-appstudio/integration-service/status/reporters.go:249.12,251.3 1 0
github.com/redhat-appstudio/integration-service/status/reporters.go:254.12,256.3 1 0
github.com/redhat-appstudio/integration-service/status/reporters.go:262.27,265.3 2 1
github.com/redhat-appstudio/integration-service/status/reporters.go:265.8,267.17 2 1
github.com/redhat-appstudio/integration-service/status/reporters.go:271.3,271.14 1 1
github.com/redhat-appstudio/integration-service/status/reporters.go:267.17,269.4 1 0
github.com/redhat-appstudio/integration-service/status/reporters.go:271.14,274.4 2 1
github.com/redhat-appstudio/integration-service/status/reporters.go:274.9,277.4 2 1
github.com/redhat-appstudio/integration-service/status/reporters.go:281.16,283.3 1 0
github.com/redhat-appstudio/integration-service/status/reporters.go:288.107,292.27 3 1
github.com/redhat-appstudio/integration-service/status/reporters.go:296.2,297.12 2 1
github.com/redhat-appstudio/integration-service/status/reporters.go:301.2,302.12 2 1
github.com/redhat-appstudio/integration-service/status/reporters.go:306.2,307.12 2 1
github.com/redhat-appstudio/integration-service/status/reporters.go:311.2,312.12 2 1
github.com/redhat-appstudio/integration-service/status/reporters.go:316.2,317.16 2 1
github.com/redhat-appstudio/integration-service/status/reporters.go:321.2,322.16 2 1
github.com/redhat-appstudio/integration-service/status/reporters.go:326.2,327.13 2 1
github.com/redhat-appstudio/integration-service/status/reporters.go:333.2,335.16 3 1
github.com/redhat-appstudio/integration-service/status/reporters.go:339.2,340.16 2 1
github.com/redhat-appstudio/integration-service/status/reporters.go:344.2,344.12 1 1
github.com/redhat-appstudio/integration-service/status/reporters.go:292.27,294.3 1 1
github.com/redhat-appstudio/integration-service/status/reporters.go:297.12,299.3 1 0
github.com/redhat-appstudio/integration-service/status/reporters.go:302.12,304.3 1 0
github.com/redhat-appstudio/integration-service/status/reporters.go:307.12,309.3 1 0
github.com/redhat-appstudio/integration-service/status/reporters.go:312.12,314.3 1 0
github.com/redhat-appstudio/integration-service/status/reporters.go:317.16,319.3 1 0
github.com/redhat-appstudio/integration-service/status/reporters.go:322.16,324.3 1 0
github.com/redhat-appstudio/integration-service/status/reporters.go:327.13,329.3 1 1
github.com/redhat-appstudio/integration-service/status/reporters.go:329.8,331.3 1 1
github.com/redhat-appstudio/integration-service/status/reporters.go:335.16,337.3 1 0
github.com/redhat-appstudio/integration-service/status/reporters.go:340.16,342.3 1 0
github.com/redhat-appstudio/integration-service/status/reporters.go:349.106,350.120 1 1
github.com/redhat-appstudio/integration-service/status/reporters.go:356.2,356.87 1 1
github.com/redhat-appstudio/integration-service/status/reporters.go:407.2,407.12 1 1
github.com/redhat-appstudio/integration-service/status/reporters.go:350.120,352.3 1 1
github.com/redhat-appstudio/integration-service/status/reporters.go:356.87,358.17 2 1
github.com/redhat-appstudio/integration-service/status/reporters.go:362.3,363.17 2 1
github.com/redhat-appstudio/integration-service/status/reporters.go:367.3,370.17 3 1
github.com/redhat-appstudio/integration-service/status/reporters.go:374.3,375.17 2 1
github.com/redhat-appstudio/integration-service/status/reporters.go:379.3,379.24 1 1
github.com/redhat-appstudio/integration-service/status/reporters.go:385.3,385.17 1 1
github.com/redhat-appstudio/integration-service/status/reporters.go:358.17,360.4 1 1
github.com/redhat-appstudio/integration-service/status/reporters.go:363.17,365.4 1 0
github.com/redhat-appstudio/integration-service/status/reporters.go:370.17,372.4 1 0
github.com/redhat-appstudio/integration-service/status/reporters.go:375.17,377.4 1 0
github.com/redhat-appstudio/integration-service/status/reporters.go:379.24,381.4 1 1
github.com/redhat-appstudio/integration-service/status/reporters.go:381.9,383.4 1 1
github.com/redhat-appstudio/integration-service/status/reporters.go:385.17,387.4 1 0
github.com/redhat-appstudio/integration-service/status/reporters.go:388.8,390.17 2 1
github.com/redhat-appstudio/integration-service/status/reporters.go:394.3,397.17 3 1
github.com/redhat-appstudio/integration-service/status/reporters.go:401.3,402.17 2 1
github.com/redhat-appstudio/integration-service/status/reporters.go:390.17,392.4 1 0
github.com/redhat-appstudio/integration-service/status/reporters.go:397.17,399.4 1 0
github.com/redhat-appstudio/integration-service/status/reporters.go:402.17,404.4 1 0
github.com/redhat-appstudio/integration-service/status/status.go:37.58,38.26 1 1
github.com/redhat-appstudio/integration-service/status/status.go:38.26,40.3 1 1
github.com/redhat-appstudio/integration-service/status/status.go:44.94,51.27 2 1
github.com/redhat-appstudio/integration-service/status/status.go:55.2,55.17 1 1
github.com/redhat-appstudio/integration-service/status/status.go:51.27,53.3 1 1
github.com/redhat-appstudio/integration-service/status/status.go:60.92,63.124 2 1
github.com/redhat-appstudio/integration-service/status/status.go:67.2,67.23 1 1
github.com/redhat-appstudio/integration-service/status/status.go:63.124,65.3 1 1
github.com/redhat-appstudio/integration-service/status/format.go:36.65,47.46 5 1
github.com/redhat-appstudio/integration-service/status/format.go:50.2,50.26 1 1
github.com/redhat-appstudio/integration-service/status/format.go:47.46,49.3 1 0
github.com/redhat-appstudio/integration-service/status/format.go:54.78,56.16 2 1
github.com/redhat-appstudio/integration-service/status/format.go:60.2,63.46 4 1
github.com/redhat-appstudio/integration-service/status/format.go:66.2,66.26 1 1
github.com/redhat-appstudio/integration-service/status/format.go:56.16,58.3 1 0
github.com/redhat-appstudio/integration-service/status/format.go:63.46,65.3 1 0
github.com/redhat-appstudio/integration-service/status/format.go:70.61,72.16 2 1
github.com/redhat-appstudio/integration-service/status/format.go:76.2,76.19 1 1
github.com/redhat-appstudio/integration-service/status/format.go:80.2,81.23 2 1
github.com/redhat-appstudio/integration-service/status/format.go:96.2,96.41 1 1
github.com/redhat-appstudio/integration-service/status/format.go:72.16,74.3 1 0
github.com/redhat-appstudio/integration-service/status/format.go:76.19,78.3 1 1
github.com/redhat-appstudio/integration-service/status/format.go:82.38,83.31 1 1
github.com/redhat-appstudio/integration-service/status/format.go:84.38,85.16 1 1
github.com/redhat-appstudio/integration-service/status/format.go:86.38,87.22 1 1
github.com/redhat-appstudio/integration-service/status/format.go:88.38,89.31 1 1
github.com/redhat-appstudio/integration-service/status/format.go:90.36,91.37 1 1
github.com/redhat-appstudio/integration-service/status/format.go:92.10,93.23 1 1
github.com/redhat-appstudio/integration-service/status/format.go:100.63,102.16 2 1
github.com/redhat-appstudio/integration-service/status/format.go:106.2,108.19 2 1
github.com/redhat-appstudio/integration-service/status/format.go:112.2,112.23 1 1
github.com/redhat-appstudio/integration-service/status/format.go:116.2,116.38 1 1
github.com/redhat-appstudio/integration-service/status/format.go:102.16,104.3 1 0
github.com/redhat-appstudio/integration-service/status/format.go:108.19,110.3 1 1
github.com/redhat-appstudio/integration-service/status/format.go:112.23,114.3 1 1
github.com/redhat-appstudio/integration-service/status/format.go:120.64,122.16 2 1
github.com/redhat-appstudio/integration-service/status/format.go:126.2,126.19 1 1
github.com/redhat-appstudio/integration-service/status/format.go:130.2,130.30 1 1
github.com/redhat-appstudio/integration-service/status/format.go:122.16,124.3 1 0
github.com/redhat-appstudio/integration-service/status/format.go:126.19,128.3 1 1
github.com/redhat-appstudio/integration-service/status/format.go:134.62,136.16 2 1
github.com/redhat-appstudio/integration-service/status/format.go:140.2,140.19 1 1
github.com/redhat-appstudio/integration-service/status/format.go:144.2,146.26 2 1
github.com/redhat-appstudio/integration-service/status/format.go:150.2,150.25 1 1
github.com/redhat-appstudio/integration-service/status/format.go:154.2,154.25 1 1
github.com/redhat-appstudio/integration-service/status/format.go:158.2,158.43 1 1
github.com/redhat-appstudio/integration-service/status/format.go:136.16,138.3 1 0
github.com/redhat-appstudio/integration-service/status/format.go:140.19,142.3 1 1
github.com/redhat-appstudio/integration-service/status/format.go:146.26,148.3 1 1
github.com/redhat-appstudio/integration-service/status/format.go:150.25,152.3 1 1
github.com/redhat-appstudio/integration-service/status/format.go:154.25,156.3 1 1
github.com/redhat-appstudio/integration-service/status/format.go:162.67,164.30 2 1
github.com/redhat-appstudio/integration-service/status/format.go:178.2,178.43 1 1
github.com/redhat-appstudio/integration-service/status/format.go:164.30,166.17 2 1
github.com/redhat-appstudio/integration-service/status/format.go:170.3,170.20 1 1
github.com/redhat-appstudio/integration-service/status/format.go:174.3,174.24 1 1
github.com/redhat-appstudio/integration-service/status/format.go:166.17,168.4 1 0
github.com/redhat-appstudio/integration-service/status/format.go:170.20,171.12 1 1
github.com/redhat-appstudio/integration-service/status/format.go:174.24,176.4 1 1
github.com/redhat-appstudio/integration-service/controllers/controllers.go:35.54,38.42 2 0
github.com/redhat-appstudio/integration-service/controllers/controllers.go:43.2,43.12 1 0
github.com/redhat-appstudio/integration-service/controllers/controllers.go:38.42,39.49 1 0
github.com/redhat-appstudio/integration-service/controllers/controllers.go:39.49,41.4 1 0
github.com/redhat-appstudio/integration-service/api/v1alpha1/zz_generated.deepcopy.go:29.79,35.2 5 1
github.com/redhat-appstudio/integration-service/api/v1alpha1/zz_generated.deepcopy.go:38.72,39.15 1 1
github.com/redhat-appstudio/integration-service/api/v1alpha1/zz_generated.deepcopy.go:42.2,44.12 3 1
github.com/redhat-appstudio/integration-service/api/v1alpha1/zz_generated.deepcopy.go:39.15,41.3 1 0
github.com/redhat-appstudio/integration-service/api/v1alpha1/zz_generated.deepcopy.go:48.68,49.34 1 1
github.com/redhat-appstudio/integration-service/api/v1alpha1/zz_generated.deepcopy.go:52.2,52.12 1 0
github.com/redhat-appstudio/integration-service/api/v1alpha1/zz_generated.deepcopy.go:49.34,51.3 1 1
github.com/redhat-appstudio/integration-service/api/v1alpha1/zz_generated.deepcopy.go:56.87,60.21 4 1
github.com/redhat-appstudio/integration-service/api/v1alpha1/zz_generated.deepcopy.go:60.21,63.22 3 0
github.com/redhat-appstudio/integration-service/api/v1alpha1/zz_generated.deepcopy.go:63.22,65.4 1 0
github.com/redhat-appstudio/integration-service/api/v1alpha1/zz_generated.deepcopy.go:70.80,71.15 1 1
github.com/redhat-appstudio/integration-service/api/v1alpha1/zz_generated.deepcopy.go:74.2,76.12 3 1
github.com/redhat-appstudio/integration-service/api/v1alpha1/zz_generated.deepcopy.go:71.15,73.3 1 0
github.com/redhat-appstudio/integration-service/api/v1alpha1/zz_generated.deepcopy.go:80.72,81.34 1 1
github.com/redhat-appstudio/integration-service/api/v1alpha1/zz_generated.deepcopy.go:84.2,84.12 1 0
github.com/redhat-appstudio/integration-service/api/v1alpha1/zz_generated.deepcopy.go:81.34,83.3 1 1
github.com/redhat-appstudio/integration-service/api/v1alpha1/zz_generated.deepcopy.go:88.87,90.22 2 1
github.com/redhat-appstudio/integration-service/api/v1alpha1/zz_generated.deepcopy.go:97.2,98.24 2 1
github.com/redhat-appstudio/integration-service/api/v1alpha1/zz_generated.deepcopy.go:90.22,93.22 3 1
github.com/redhat-appstudio/integration-service/api/v1alpha1/zz_generated.deepcopy.go:93.22,95.4 1 1
github.com/redhat-appstudio/integration-service/api/v1alpha1/zz_generated.deepcopy.go:98.24,102.3 3 1
github.com/redhat-appstudio/integration-service/api/v1alpha1/zz_generated.deepcopy.go:106.80,107.15 1 0
github.com/redhat-appstudio/integration-service/api/v1alpha1/zz_generated.deepcopy.go:110.2,112.12 3 0
github.com/redhat-appstudio/integration-service/api/v1alpha1/zz_generated.deepcopy.go:107.15,109.3 1 0
github.com/redhat-appstudio/integration-service/api/v1alpha1/zz_generated.deepcopy.go:116.91,118.2 1 0
github.com/redhat-appstudio/integration-service/api/v1alpha1/zz_generated.deepcopy.go:121.84,122.15 1 0
github.com/redhat-appstudio/integration-service/api/v1alpha1/zz_generated.deepcopy.go:125.2,127.12 3 0
github.com/redhat-appstudio/integration-service/api/v1alpha1/zz_generated.deepcopy.go:122.15,124.3 1 0
github.com/redhat-appstudio/integration-service/api/v1alpha1/zz_generated.deepcopy.go:131.67,133.22 2 1
github.com/redhat-appstudio/integration-service/api/v1alpha1/zz_generated.deepcopy.go:133.22,137.3 3 0
github.com/redhat-appstudio/integration-service/api/v1alpha1/zz_generated.deepcopy.go:141.60,142.15 1 0
github.com/redhat-appstudio/integration-service/api/v1alpha1/zz_generated.deepcopy.go:145.2,147.12 3 0
github.com/redhat-appstudio/integration-service/api/v1alpha1/zz_generated.deepcopy.go:142.15,144.3 1 0
github.com/redhat-appstudio/integration-service/api/v1alpha1/zz_generated.deepcopy.go:151.55,153.2 1 0
github.com/redhat-appstudio/integration-service/api/v1alpha1/zz_generated.deepcopy.go:156.48,157.15 1 0
github.com/redhat-appstudio/integration-service/api/v1alpha1/zz_generated.deepcopy.go:160.2,162.12 3 0
github.com/redhat-appstudio/integration-service/api/v1alpha1/zz_generated.deepcopy.go:157.15,159.3 1 0
github.com/redhat-appstudio/integration-service/api/v1alpha1/zz_generated.deepcopy.go:166.63,169.2 2 1
github.com/redhat-appstudio/integration-service/api/v1alpha1/zz_generated.deepcopy.go:172.56,173.15 1 0
github.com/redhat-appstudio/integration-service/api/v1alpha1/zz_generated.deepcopy.go:176.2,178.12 3 0
github.com/redhat-appstudio/integration-service/api/v1alpha1/zz_generated.deepcopy.go:173.15,175.3 1 0
github.com/redhat-appstudio/integration-service/api/v1alpha1/integrationtestscenario_types.go:90.13,92.2 1 1
github.com/redhat-appstudio/integration-service/release/releaseplan.go:31.144,43.2 2 1
github.com/redhat-appstudio/integration-service/release/releaseplan.go:46.144,47.44 1 1
github.com/redhat-appstudio/integration-service/release/releaseplan.go:53.2,53.12 1 0
github.com/redhat-appstudio/integration-service/release/releaseplan.go:47.44,49.59 2 1
github.com/redhat-appstudio/integration-service/release/releaseplan.go:49.59,51.4 1 1
github.com/redhat-appstudio/integration-service/release/releaseplan.go:59.179,62.16 3 1
github.com/redhat-appstudio/integration-service/release/releaseplan.go:65.2,74.16 4 1
github.com/redhat-appstudio/integration-service/release/releaseplan.go:78.2,78.33 1 1
github.com/redhat-appstudio/integration-service/release/releaseplan.go:62.16,64.3 1 0
github.com/redhat-appstudio/integration-service/release/releaseplan.go:74.16,76.3 1 0
github.com/redhat-appstudio/integration-service/controllers/snapshot/cache.go:28.52,29.59 1 1
github.com/redhat-appstudio/integration-service/controllers/snapshot/cache.go:33.2,34.44 1 1
github.com/redhat-appstudio/integration-service/controllers/snapshot/cache.go:29.59,31.3 1 1
github.com/redhat-appstudio/integration-service/controllers/snapshot/cache.go:38.48,39.55 1 1
github.com/redhat-appstudio/integration-service/controllers/snapshot/cache.go:43.2,44.37 1 1
github.com/redhat-appstudio/integration-service/controllers/snapshot/cache.go:39.55,41.3 1 1
github.com/redhat-appstudio/integration-service/controllers/snapshot/cache.go:48.52,49.59 1 1
github.com/redhat-appstudio/integration-service/controllers/snapshot/cache.go:53.2,54.44 1 1
github.com/redhat-appstudio/integration-service/controllers/snapshot/cache.go:49.59,51.3 1 1
github.com/redhat-appstudio/integration-service/controllers/snapshot/cache.go:58.52,59.59 1 1
github.com/redhat-appstudio/integration-service/controllers/snapshot/cache.go:63.2,64.44 1 1
github.com/redhat-appstudio/integration-service/controllers/snapshot/cache.go:59.59,61.3 1 1
github.com/redhat-appstudio/integration-service/controllers/snapshot/snapshot_adapter.go:48.36,57.2 1 1
github.com/redhat-appstudio/integration-service/controllers/snapshot/snapshot_adapter.go:62.93,63.47 1 1
github.com/redhat-appstudio/integration-service/controllers/snapshot/snapshot_adapter.go:68.2,70.16 2 1
github.com/redhat-appstudio/integration-service/controllers/snapshot/snapshot_adapter.go:76.2,76.37 1 1
github.com/redhat-appstudio/integration-service/controllers/snapshot/snapshot_adapter.go:106.2,107.16 2 1
github.com/redhat-appstudio/integration-service/controllers/snapshot/snapshot_adapter.go:115.2,115.49 1 1
github.com/redhat-appstudio/integration-service/controllers/snapshot/snapshot_adapter.go:129.2,129.37 1 1
github.com/redhat-appstudio/integration-service/controllers/snapshot/snapshot_adapter.go:63.47,66.3 2 0
github.com/redhat-appstudio/integration-service/controllers/snapshot/snapshot_adapter.go:70.16,74.3 1 1
github.com/redhat-appstudio/integration-service/controllers/snapshot/snapshot_adapter.go:76.37,80.69 2 1
github.com/redhat-appstudio/integration-service/controllers/snapshot/snapshot_adapter.go:80.69,83.18 3 1
github.com/redhat-appstudio/integration-service/controllers/snapshot/snapshot_adapter.go:88.4,88.37 1 1
github.com/redhat-appstudio/integration-service/controllers/snapshot/snapshot_adapter.go:83.18,87.5 2 0
github.com/redhat-appstudio/integration-service/controllers/snapshot/snapshot_adapter.go:88.37,92.5 1 0
github.com/redhat-appstudio/integration-service/controllers/snapshot/snapshot_adapter.go:92.10,98.19 3 1
github.com/redhat-appstudio/integration-service/controllers/snapshot/snapshot_adapter.go:98.19,101.6 2 0
github.com/redhat-appstudio/integration-service/controllers/snapshot/snapshot_adapter.go:107.16,114.3 4 1
github.com/redhat-appstudio/integration-service/controllers/snapshot/snapshot_adapter.go:115.49,117.17 2 1
github.com/redhat-appstudio/integration-service/controllers/snapshot/snapshot_adapter.go:123.3,126.46 1 1
github.com/redhat-appstudio/integration-service/controllers/snapshot/snapshot_adapter.go:117.17,122.4 2 1
github.com/redhat-appstudio/integration-service/controllers/snapshot/snapshot_adapter.go:134.88,135.123 1 1
github.com/redhat-appstudio/integration-service/controllers/snapshot/snapshot_adapter.go:149.2,149.37 1 1
github.com/redhat-appstudio/integration-service/controllers/snapshot/snapshot_adapter.go:135.123,137.56 2 1
github.com/redhat-appstudio/integration-service/controllers/snapshot/snapshot_adapter.go:137.56,138.42 1 1
github.com/redhat-appstudio/integration-service/controllers/snapshot/snapshot_adapter.go:138.42,141.19 3 1
github.com/redhat-appstudio/integration-service/controllers/snapshot/snapshot_adapter.go:141.19,145.6 2 0
github.com/redhat-appstudio/integration-service/controllers/snapshot/snapshot_adapter.go:155.77,156.49 1 1
github.com/redhat-appstudio/integration-service/controllers/snapshot/snapshot_adapter.go:161.2,161.54 1 1
github.com/redhat-appstudio/integration-service/controllers/snapshot/snapshot_adapter.go:166.2,167.16 2 1
github.com/redhat-appstudio/integration-service/controllers/snapshot/snapshot_adapter.go:176.2,177.16 2 1
github.com/redhat-appstudio/integration-service/controllers/snapshot/snapshot_adapter.go:186.2,186.37 1 1
github.com/redhat-appstudio/integration-service/controllers/snapshot/snapshot_adapter.go:156.49,159.3 2 1
github.com/redhat-appstudio/integration-service/controllers/snapshot/snapshot_adapter.go:161.54,164.3 2 0
github.com/redhat-appstudio/integration-service/controllers/snapshot/snapshot_adapter.go:167.16,174.3 4 0
github.com/redhat-appstudio/integration-service/controllers/snapshot/snapshot_adapter.go:177.16,184.3 4 0
github.com/redhat-appstudio/integration-service/controllers/snapshot/snapshot_adapter.go:192.92,193.49 1 1
github.com/redhat-appstudio/integration-service/controllers/snapshot/snapshot_adapter.go:198.2,198.54 1 1
github.com/redhat-appstudio/integration-service/controllers/snapshot/snapshot_adapter.go:203.2,204.16 2 1
github.com/redhat-appstudio/integration-service/controllers/snapshot/snapshot_adapter.go:208.2,209.16 2 1
github.com/redhat-appstudio/integration-service/controllers/snapshot/snapshot_adapter.go:213.2,213.62 1 1
github.com/redhat-appstudio/integration-service/controllers/snapshot/snapshot_adapter.go:248.2,248.37 1 1
github.com/redhat-appstudio/integration-service/controllers/snapshot/snapshot_adapter.go:193.49,196.3 2 1
github.com/redhat-appstudio/integration-service/controllers/snapshot/snapshot_adapter.go:198.54,201.3 2 0
github.com/redhat-appstudio/integration-service/controllers/snapshot/snapshot_adapter.go:204.16,206.3 1 0
github.com/redhat-appstudio/integration-service/controllers/snapshot/snapshot_adapter.go:209.16,211.3 1 0
github.com/redhat-appstudio/integration-service/controllers/snapshot/snapshot_adapter.go:213.62,216.17 3 1
github.com/redhat-appstudio/integration-service/controllers/snapshot/snapshot_adapter.go:219.3,219.40 1 1
github.com/redhat-appstudio/integration-service/controllers/snapshot/snapshot_adapter.go:243.3,246.84 1 1
github.com/redhat-appstudio/integration-service/controllers/snapshot/snapshot_adapter.go:216.17,218.4 1 0
github.com/redhat-appstudio/integration-service/controllers/snapshot/snapshot_adapter.go:219.40,221.18 2 0
github.com/redhat-appstudio/integration-service/controllers/snapshot/snapshot_adapter.go:221.18,229.5 4 0
github.com/redhat-appstudio/integration-service/controllers/snapshot/snapshot_adapter.go:230.9,232.18 2 1
github.com/redhat-appstudio/integration-service/controllers/snapshot/snapshot_adapter.go:232.18,240.5 4 0
github.com/redhat-appstudio/integration-service/controllers/snapshot/snapshot_adapter.go:253.122,261.16 4 1
github.com/redhat-appstudio/integration-service/controllers/snapshot/snapshot_adapter.go:265.2,265.29 1 1
github.com/redhat-appstudio/integration-service/controllers/snapshot/snapshot_adapter.go:261.16,263.3 1 0
github.com/redhat-appstudio/integration-service/controllers/snapshot/snapshot_adapter.go:270.199,272.16 2 1
github.com/redhat-appstudio/integration-service/controllers/snapshot/snapshot_adapter.go:276.2,276.44 1 1
github.com/redhat-appstudio/integration-service/controllers/snapshot/snapshot_adapter.go:304.2,304.12 1 1
github.com/redhat-appstudio/integration-service/controllers/snapshot/snapshot_adapter.go:272.16,274.3 1 0
github.com/redhat-appstudio/integration-service/controllers/snapshot/snapshot_adapter.go:276.44,279.29 3 1
github.com/redhat-appstudio/integration-service/controllers/snapshot/snapshot_adapter.go:279.29,284.4 1 0
github.com/redhat-appstudio/integration-service/controllers/snapshot/snapshot_adapter.go:284.9,291.18 5 1
github.com/redhat-appstudio/integration-service/controllers/snapshot/snapshot_adapter.go:294.4,295.18 2 1
github.com/redhat-appstudio/integration-service/controllers/snapshot/snapshot_adapter.go:298.4,301.37 1 1
github.com/redhat-appstudio/integration-service/controllers/snapshot/snapshot_adapter.go:291.18,293.5 1 0
github.com/redhat-appstudio/integration-service/controllers/snapshot/snapshot_adapter.go:295.18,297.5 1 0
github.com/redhat-appstudio/integration-service/controllers/snapshot/snapshot_adapter.go:308.87,316.2 4 1
github.com/redhat-appstudio/integration-service/controllers/snapshot/snapshot_adapter.go:319.94,321.16 2 1
github.com/redhat-appstudio/integration-service/controllers/snapshot/snapshot_adapter.go:324.2,325.47 2 1
github.com/redhat-appstudio/integration-service/controllers/snapshot/snapshot_adapter.go:339.2,339.36 1 1
github.com/redhat-appstudio/integration-service/controllers/snapshot/snapshot_adapter.go:321.16,323.3 1 0
github.com/redhat-appstudio/integration-service/controllers/snapshot/snapshot_adapter.go:325.47,326.47 1 1
github.com/redhat-appstudio/integration-service/controllers/snapshot/snapshot_adapter.go:326.47,328.46 2 1
github.com/redhat-appstudio/integration-service/controllers/snapshot/snapshot_adapter.go:334.4,334.20 1 1
github.com/redhat-appstudio/integration-service/controllers/snapshot/snapshot_adapter.go:328.46,329.27 1 0
github.com/redhat-appstudio/integration-service/controllers/snapshot/snapshot_adapter.go:329.27,331.11 2 0
github.com/redhat-appstudio/integration-service/controllers/snapshot/snapshot_adapter.go:334.20,336.5 1 1
github.com/redhat-appstudio/integration-service/controllers/snapshot/snapshot_adapter.go:344.141,352.16 4 1
github.com/redhat-appstudio/integration-service/controllers/snapshot/snapshot_adapter.go:356.2,356.42 1 1
github.com/redhat-appstudio/integration-service/controllers/snapshot/snapshot_adapter.go:352.16,354.3 1 0
github.com/redhat-appstudio/integration-service/controllers/snapshot/snapshot_adapter.go:361.205,371.16 5 1
github.com/redhat-appstudio/integration-service/controllers/snapshot/snapshot_adapter.go:374.2,375.16 2 1
github.com/redhat-appstudio/integration-service/controllers/snapshot/snapshot_adapter.go:379.2,379.12 1 1
github.com/redhat-appstudio/integration-service/controllers/snapshot/snapshot_adapter.go:371.16,373.3 1 0
github.com/redhat-appstudio/integration-service/controllers/snapshot/snapshot_adapter.go:375.16,377.3 1 0
github.com/redhat-appstudio/integration-service/controllers/snapshot/snapshot_adapter.go:387.110,396.16 4 1
github.com/redhat-appstudio/integration-service/controllers/snapshot/snapshot_adapter.go:400.2,401.16 2 1
github.com/redhat-appstudio/integration-service/controllers/snapshot/snapshot_adapter.go:405.2,405.40 1 1
github.com/redhat-appstudio/integration-service/controllers/snapshot/snapshot_adapter.go:396.16,398.3 1 0
github.com/redhat-appstudio/integration-service/controllers/snapshot/snapshot_adapter.go:401.16,403.3 1 0
github.com/redhat-appstudio/integration-service/controllers/snapshot/snapshot_adapter.go:412.110,421.16 6 0
github.com/redhat-appstudio/integration-service/controllers/snapshot/snapshot_adapter.go:425.2,425.40 1 0
github.com/redhat-appstudio/integration-service/controllers/snapshot/snapshot_adapter.go:421.16,423.3 1 0
github.com/redhat-appstudio/integration-service/controllers/snapshot/snapshot_controller.go:41.107,47.2 1 1
github.com/redhat-appstudio/integration-service/controllers/snapshot/snapshot_controller.go:58.92,63.16 4 1
github.com/redhat-appstudio/integration-service/controllers/snapshot/snapshot_controller.go:72.2,73.16 2 1
github.com/redhat-appstudio/integration-service/controllers/snapshot/snapshot_controller.go:79.2,80.16 2 1
github.com/redhat-appstudio/integration-service/controllers/snapshot/snapshot_controller.go:86.2,88.36 2 1
github.com/redhat-appstudio/integration-service/controllers/snapshot/snapshot_controller.go:63.16,65.29 2 1
github.com/redhat-appstudio/integration-service/controllers/snapshot/snapshot_controller.go:69.3,69.28 1 0
github.com/redhat-appstudio/integration-service/controllers/snapshot/snapshot_controller.go:65.29,67.4 1 1
github.com/redhat-appstudio/integration-service/controllers/snapshot/snapshot_controller.go:73.16,77.3 2 0
github.com/redhat-appstudio/integration-service/controllers/snapshot/snapshot_controller.go:80.16,84.3 2 0
github.com/redhat-appstudio/integration-service/controllers/snapshot/snapshot_controller.go:93.162,100.16 3 1
github.com/redhat-appstudio/integration-service/controllers/snapshot/snapshot_controller.go:104.2,104.25 1 1
github.com/redhat-appstudio/integration-service/controllers/snapshot/snapshot_controller.go:100.16,102.3 1 0
github.com/redhat-appstudio/integration-service/controllers/snapshot/snapshot_controller.go:109.158,110.78 1 1
github.com/redhat-appstudio/integration-service/controllers/snapshot/snapshot_controller.go:110.78,117.17 3 1
github.com/redhat-appstudio/integration-service/controllers/snapshot/snapshot_controller.go:121.3,121.24 1 1
github.com/redhat-appstudio/integration-service/controllers/snapshot/snapshot_controller.go:117.17,119.4 1 0
github.com/redhat-appstudio/integration-service/controllers/snapshot/snapshot_controller.go:122.8,124.3 1 0
github.com/redhat-appstudio/integration-service/controllers/snapshot/snapshot_controller.go:140.86,148.39 2 1
github.com/redhat-appstudio/integration-service/controllers/snapshot/snapshot_controller.go:158.2,158.27 1 1
github.com/redhat-appstudio/integration-service/controllers/snapshot/snapshot_controller.go:148.39,150.42 2 1
github.com/redhat-appstudio/integration-service/controllers/snapshot/snapshot_controller.go:153.3,153.27 1 1
github.com/redhat-appstudio/integration-service/controllers/snapshot/snapshot_controller.go:150.42,152.4 1 1
github.com/redhat-appstudio/integration-service/controllers/snapshot/snapshot_controller.go:153.27,155.4 1 1
github.com/redhat-appstudio/integration-service/controllers/snapshot/snapshot_controller.go:162.68,164.2 1 1
github.com/redhat-appstudio/integration-service/controllers/snapshot/snapshot_controller.go:168.41,169.51 1 1
github.com/redhat-appstudio/integration-service/controllers/snapshot/snapshot_controller.go:173.2,173.47 1 1
github.com/redhat-appstudio/integration-service/controllers/snapshot/snapshot_controller.go:177.2,177.51 1 1
github.com/redhat-appstudio/integration-service/controllers/snapshot/snapshot_controller.go:181.2,181.35 1 1
github.com/redhat-appstudio/integration-service/controllers/snapshot/snapshot_controller.go:169.51,171.3 1 0
github.com/redhat-appstudio/integration-service/controllers/snapshot/snapshot_controller.go:173.47,175.3 1 0
github.com/redhat-appstudio/integration-service/controllers/snapshot/snapshot_controller.go:177.51,179.3 1 0
github.com/redhat-appstudio/integration-service/controllers/snapshot/snapshot_controller.go:185.85,187.16 2 1
github.com/redhat-appstudio/integration-service/controllers/snapshot/snapshot_controller.go:191.2,193.23 1 1
github.com/redhat-appstudio/integration-service/controllers/snapshot/snapshot_controller.go:187.16,189.3 1 0
github.com/redhat-appstudio/integration-service/tekton/utils.go:31.52,32.64 1 1
github.com/redhat-appstudio/integration-service/tekton/utils.go:38.2,38.14 1 1
github.com/redhat-appstudio/integration-service/tekton/utils.go:32.64,36.3 1 1
github.com/redhat-appstudio/integration-service/tekton/utils.go:43.58,44.64 1 1
github.com/redhat-appstudio/integration-service/tekton/utils.go:50.2,50.14 1 1
github.com/redhat-appstudio/integration-service/tekton/utils.go:44.64,48.3 1 1
github.com/redhat-appstudio/integration-service/tekton/utils.go:55.85,56.70 1 1
github.com/redhat-appstudio/integration-service/tekton/utils.go:63.2,63.14 1 0
github.com/redhat-appstudio/integration-service/tekton/utils.go:56.70,57.71 1 1
github.com/redhat-appstudio/integration-service/tekton/utils.go:57.71,60.4 1 1
github.com/redhat-appstudio/integration-service/tekton/utils.go:68.83,69.70 1 1
github.com/redhat-appstudio/integration-service/tekton/utils.go:76.2,76.14 1 0
github.com/redhat-appstudio/integration-service/tekton/utils.go:69.70,70.71 1 1
github.com/redhat-appstudio/integration-service/tekton/utils.go:70.71,73.4 1 1
github.com/redhat-appstudio/integration-service/tekton/utils.go:81.57,82.55 1 1
github.com/redhat-appstudio/integration-service/tekton/utils.go:86.2,86.14 1 1
github.com/redhat-appstudio/integration-service/tekton/utils.go:82.55,84.3 1 1
github.com/redhat-appstudio/integration-service/tekton/utils.go:90.67,91.64 1 0
github.com/redhat-appstudio/integration-service/tekton/utils.go:96.2,96.73 1 0
github.com/redhat-appstudio/integration-service/tekton/utils.go:91.64,92.77 1 0
github.com/redhat-appstudio/integration-service/tekton/utils.go:92.77,94.4 1 0
github.com/redhat-appstudio/integration-service/tekton/utils.go:100.59,101.64 1 1
github.com/redhat-appstudio/integration-service/tekton/utils.go:108.2,108.75 1 0
github.com/redhat-appstudio/integration-service/tekton/utils.go:101.64,102.49 1 1
github.com/redhat-appstudio/integration-service/tekton/utils.go:102.49,103.36 1 1
github.com/redhat-appstudio/integration-service/tekton/utils.go:103.36,105.5 1 1
github.com/redhat-appstudio/integration-service/tekton/utils.go:112.65,113.64 1 1
github.com/redhat-appstudio/integration-service/tekton/utils.go:124.2,124.72 1 0
github.com/redhat-appstudio/integration-service/tekton/utils.go:113.64,114.55 1 1
github.com/redhat-appstudio/integration-service/tekton/utils.go:114.55,115.53 1 1
github.com/redhat-appstudio/integration-service/tekton/utils.go:115.53,116.65 1 1
github.com/redhat-appstudio/integration-service/tekton/utils.go:116.65,117.46 1 1
github.com/redhat-appstudio/integration-service/tekton/utils.go:117.46,119.7 1 1
github.com/redhat-appstudio/integration-service/tekton/integration_pipeline.go:70.77,72.2 1 1
github.com/redhat-appstudio/integration-service/tekton/integration_pipeline.go:76.140,90.2 2 1
github.com/redhat-appstudio/integration-service/tekton/integration_pipeline.go:94.121,101.2 2 1
github.com/redhat-appstudio/integration-service/tekton/integration_pipeline.go:105.114,116.32 3 1
github.com/redhat-appstudio/integration-service/tekton/integration_pipeline.go:119.2,121.10 2 1
github.com/redhat-appstudio/integration-service/tekton/integration_pipeline.go:116.32,118.3 1 1
github.com/redhat-appstudio/integration-service/tekton/integration_pipeline.go:125.139,126.32 1 1
github.com/redhat-appstudio/integration-service/tekton/integration_pipeline.go:129.2,132.62 3 1
github.com/redhat-appstudio/integration-service/tekton/integration_pipeline.go:136.2,136.10 1 1
github.com/redhat-appstudio/integration-service/tekton/integration_pipeline.go:126.32,128.3 1 1
github.com/redhat-appstudio/integration-service/tekton/integration_pipeline.go:132.62,134.3 1 1
github.com/redhat-appstudio/integration-service/tekton/integration_pipeline.go:140.180,141.32 1 1
github.com/redhat-appstudio/integration-service/tekton/integration_pipeline.go:144.2,144.22 1 1
github.com/redhat-appstudio/integration-service/tekton/integration_pipeline.go:147.2,149.10 2 1
github.com/redhat-appstudio/integration-service/tekton/integration_pipeline.go:141.32,143.3 1 1
github.com/redhat-appstudio/integration-service/tekton/integration_pipeline.go:144.22,146.3 1 1
github.com/redhat-appstudio/integration-service/tekton/predicates.go:10.67,12.56 1 1
github.com/redhat-appstudio/integration-service/tekton/predicates.go:12.56,14.4 1 1
github.com/redhat-appstudio/integration-service/tekton/predicates.go:15.56,17.4 1 1
github.com/redhat-appstudio/integration-service/tekton/predicates.go:18.59,20.4 1 1
github.com/redhat-appstudio/integration-service/tekton/predicates.go:21.46,24.4 1 1
github.com/redhat-appstudio/integration-service/tekton/predicates.go:30.76,32.56 1 1
github.com/redhat-appstudio/integration-service/tekton/predicates.go:32.56,34.4 1 1
github.com/redhat-appstudio/integration-service/tekton/predicates.go:35.56,37.4 1 1
github.com/redhat-appstudio/integration-service/tekton/predicates.go:38.59,40.4 1 1
github.com/redhat-appstudio/integration-service/tekton/predicates.go:41.46,44.4 1 1
github.com/redhat-appstudio/integration-service/controllers/pipeline/cache.go:28.61,29.68 1 1
github.com/redhat-appstudio/integration-service/controllers/pipeline/cache.go:33.2,34.53 1 1
github.com/redhat-appstudio/integration-service/controllers/pipeline/cache.go:29.68,31.3 1 1
github.com/redhat-appstudio/integration-service/controllers/pipeline/cache.go:38.49,39.56 1 1
github.com/redhat-appstudio/integration-service/controllers/pipeline/cache.go:43.2,44.41 1 1
github.com/redhat-appstudio/integration-service/controllers/pipeline/cache.go:39.56,41.3 1 1
github.com/redhat-appstudio/integration-service/controllers/pipeline/cache.go:48.64,49.72 1 1
github.com/redhat-appstudio/integration-service/controllers/pipeline/cache.go:53.2,54.57 1 1
github.com/redhat-appstudio/integration-service/controllers/pipeline/cache.go:49.72,51.3 1 1
github.com/redhat-appstudio/integration-service/controllers/pipeline/pipeline_adapter.go:51.36,61.2 1 1
github.com/redhat-appstudio/integration-service/controllers/pipeline/pipeline_adapter.go:65.75,66.97 1 1
github.com/redhat-appstudio/integration-service/controllers/pipeline/pipeline_adapter.go:70.2,70.24 1 1
github.com/redhat-appstudio/integration-service/controllers/pipeline/pipeline_adapter.go:75.2,76.16 2 1
github.com/redhat-appstudio/integration-service/controllers/pipeline/pipeline_adapter.go:79.2,80.16 2 1
github.com/redhat-appstudio/integration-service/controllers/pipeline/pipeline_adapter.go:84.2,84.29 1 1
github.com/redhat-appstudio/integration-service/controllers/pipeline/pipeline_adapter.go:92.2,93.16 2 1
github.com/redhat-appstudio/integration-service/controllers/pipeline/pipeline_adapter.go:99.2,104.37 2 1
github.com/redhat-appstudio/integration-service/controllers/pipeline/pipeline_adapter.go:66.97,68.3 1 1
github.com/redhat-appstudio/integration-service/controllers/pipeline/pipeline_adapter.go:70.24,73.3 2 1
github.com/redhat-appstudio/integration-service/controllers/pipeline/pipeline_adapter.go:76.16,78.3 1 0
github.com/redhat-appstudio/integration-service/controllers/pipeline/pipeline_adapter.go:80.16,82.3 1 0
github.com/redhat-appstudio/integration-service/controllers/pipeline/pipeline_adapter.go:84.29,90.3 2 0
github.com/redhat-appstudio/integration-service/controllers/pipeline/pipeline_adapter.go:93.16,97.3 2 0
github.com/redhat-appstudio/integration-service/controllers/pipeline/pipeline_adapter.go:109.83,110.103 1 1
github.com/redhat-appstudio/integration-service/controllers/pipeline/pipeline_adapter.go:114.2,115.16 2 0
github.com/redhat-appstudio/integration-service/controllers/pipeline/pipeline_adapter.go:118.2,119.16 2 0
github.com/redhat-appstudio/integration-service/controllers/pipeline/pipeline_adapter.go:122.2,122.29 1 0
github.com/redhat-appstudio/integration-service/controllers/pipeline/pipeline_adapter.go:131.2,132.16 2 0
github.com/redhat-appstudio/integration-service/controllers/pipeline/pipeline_adapter.go:135.2,136.16 2 0
github.com/redhat-appstudio/integration-service/controllers/pipeline/pipeline_adapter.go:143.2,143.69 1 0
github.com/redhat-appstudio/integration-service/controllers/pipeline/pipeline_adapter.go:152.2,153.16 2 0
github.com/redhat-appstudio/integration-service/controllers/pipeline/pipeline_adapter.go:161.2,161.178 1 0
github.com/redhat-appstudio/integration-service/controllers/pipeline/pipeline_adapter.go:183.2,183.38 1 0
github.com/redhat-appstudio/integration-service/controllers/pipeline/pipeline_adapter.go:203.2,203.37 1 0
github.com/redhat-appstudio/integration-service/controllers/pipeline/pipeline_adapter.go:110.103,112.3 1 1
github.com/redhat-appstudio/integration-service/controllers/pipeline/pipeline_adapter.go:115.16,117.3 1 0
github.com/redhat-appstudio/integration-service/controllers/pipeline/pipeline_adapter.go:119.16,121.3 1 0
github.com/redhat-appstudio/integration-service/controllers/pipeline/pipeline_adapter.go:122.29,127.3 1 0
github.com/redhat-appstudio/integration-service/controllers/pipeline/pipeline_adapter.go:132.16,134.3 1 0
github.com/redhat-appstudio/integration-service/controllers/pipeline/pipeline_adapter.go:136.16,140.3 2 0
github.com/redhat-appstudio/integration-service/controllers/pipeline/pipeline_adapter.go:143.69,148.3 2 0
github.com/redhat-appstudio/integration-service/controllers/pipeline/pipeline_adapter.go:153.16,157.3 2 0
github.com/redhat-appstudio/integration-service/controllers/pipeline/pipeline_adapter.go:161.178,163.17 2 0
github.com/redhat-appstudio/integration-service/controllers/pipeline/pipeline_adapter.go:168.3,168.31 1 0
github.com/redhat-appstudio/integration-service/controllers/pipeline/pipeline_adapter.go:163.17,167.4 2 0
github.com/redhat-appstudio/integration-service/controllers/pipeline/pipeline_adapter.go:168.31,171.18 2 0
github.com/redhat-appstudio/integration-service/controllers/pipeline/pipeline_adapter.go:175.4,178.39 2 0
github.com/redhat-appstudio/integration-service/controllers/pipeline/pipeline_adapter.go:171.18,174.5 2 0
github.com/redhat-appstudio/integration-service/controllers/pipeline/pipeline_adapter.go:183.38,185.17 2 0
github.com/redhat-appstudio/integration-service/controllers/pipeline/pipeline_adapter.go:189.3,191.43 1 0
github.com/redhat-appstudio/integration-service/controllers/pipeline/pipeline_adapter.go:185.17,188.4 2 0
github.com/redhat-appstudio/integration-service/controllers/pipeline/pipeline_adapter.go:192.8,194.17 2 0
github.com/redhat-appstudio/integration-service/controllers/pipeline/pipeline_adapter.go:198.3,200.43 1 0
github.com/redhat-appstudio/integration-service/controllers/pipeline/pipeline_adapter.go:194.17,197.4 2 0
github.com/redhat-appstudio/integration-service/controllers/pipeline/pipeline_adapter.go:208.75,209.53 1 1
github.com/redhat-appstudio/integration-service/controllers/pipeline/pipeline_adapter.go:213.2,215.16 2 1
github.com/redhat-appstudio/integration-service/controllers/pipeline/pipeline_adapter.go:219.2,219.37 1 1
github.com/redhat-appstudio/integration-service/controllers/pipeline/pipeline_adapter.go:225.2,225.37 1 1
github.com/redhat-appstudio/integration-service/controllers/pipeline/pipeline_adapter.go:209.53,211.3 1 1
github.com/redhat-appstudio/integration-service/controllers/pipeline/pipeline_adapter.go:215.16,217.3 1 1
github.com/redhat-appstudio/integration-service/controllers/pipeline/pipeline_adapter.go:219.37,220.73 1 1
github.com/redhat-appstudio/integration-service/controllers/pipeline/pipeline_adapter.go:220.73,222.4 1 1
github.com/redhat-appstudio/integration-service/controllers/pipeline/pipeline_adapter.go:230.141,238.16 4 1
github.com/redhat-appstudio/integration-service/controllers/pipeline/pipeline_adapter.go:242.2,242.42 1 1
github.com/redhat-appstudio/integration-service/controllers/pipeline/pipeline_adapter.go:238.16,240.3 1 0
github.com/redhat-appstudio/integration-service/controllers/pipeline/pipeline_adapter.go:247.107,249.16 2 1
github.com/redhat-appstudio/integration-service/controllers/pipeline/pipeline_adapter.go:252.2,253.16 2 1
github.com/redhat-appstudio/integration-service/controllers/pipeline/pipeline_adapter.go:256.2,256.83 1 1
github.com/redhat-appstudio/integration-service/controllers/pipeline/pipeline_adapter.go:249.16,251.3 1 0
github.com/redhat-appstudio/integration-service/controllers/pipeline/pipeline_adapter.go:253.16,255.3 1 0
github.com/redhat-appstudio/integration-service/controllers/pipeline/pipeline_adapter.go:260.161,261.61 1 1
github.com/redhat-appstudio/integration-service/controllers/pipeline/pipeline_adapter.go:266.2,266.91 1 0
github.com/redhat-appstudio/integration-service/controllers/pipeline/pipeline_adapter.go:261.61,262.47 1 1
github.com/redhat-appstudio/integration-service/controllers/pipeline/pipeline_adapter.go:262.47,264.4 1 1
github.com/redhat-appstudio/integration-service/controllers/pipeline/pipeline_adapter.go:271.128,273.66 2 1
github.com/redhat-appstudio/integration-service/controllers/pipeline/pipeline_adapter.go:287.2,287.46 1 1
github.com/redhat-appstudio/integration-service/controllers/pipeline/pipeline_adapter.go:273.66,276.17 3 1
github.com/redhat-appstudio/integration-service/controllers/pipeline/pipeline_adapter.go:281.3,281.26 1 1
github.com/redhat-appstudio/integration-service/controllers/pipeline/pipeline_adapter.go:276.17,280.4 2 0
github.com/redhat-appstudio/integration-service/controllers/pipeline/pipeline_adapter.go:281.26,285.4 2 0
github.com/redhat-appstudio/integration-service/controllers/pipeline/pipeline_adapter.go:292.149,294.69 2 1
github.com/redhat-appstudio/integration-service/controllers/pipeline/pipeline_adapter.go:308.2,308.75 1 0
github.com/redhat-appstudio/integration-service/controllers/pipeline/pipeline_adapter.go:294.69,301.17 3 1
github.com/redhat-appstudio/integration-service/controllers/pipeline/pipeline_adapter.go:305.3,305.23 1 1
github.com/redhat-appstudio/integration-service/controllers/pipeline/pipeline_adapter.go:301.17,303.4 1 0
github.com/redhat-appstudio/integration-service/controllers/pipeline/pipeline_adapter.go:314.192,316.68 2 1
github.com/redhat-appstudio/integration-service/controllers/pipeline/pipeline_adapter.go:337.2,337.38 1 1
github.com/redhat-appstudio/integration-service/controllers/pipeline/pipeline_adapter.go:316.68,318.99 2 1
github.com/redhat-appstudio/integration-service/controllers/pipeline/pipeline_adapter.go:318.99,320.18 2 0
github.com/redhat-appstudio/integration-service/controllers/pipeline/pipeline_adapter.go:323.4,323.37 1 0
github.com/redhat-appstudio/integration-service/controllers/pipeline/pipeline_adapter.go:320.18,322.5 1 0
github.com/redhat-appstudio/integration-service/controllers/pipeline/pipeline_adapter.go:323.37,328.5 2 0
github.com/redhat-appstudio/integration-service/controllers/pipeline/pipeline_adapter.go:329.9,334.4 2 1
github.com/redhat-appstudio/integration-service/controllers/pipeline/pipeline_adapter.go:342.197,344.16 2 1
github.com/redhat-appstudio/integration-service/controllers/pipeline/pipeline_adapter.go:348.2,349.62 2 1
github.com/redhat-appstudio/integration-service/controllers/pipeline/pipeline_adapter.go:360.2,363.16 3 1
github.com/redhat-appstudio/integration-service/controllers/pipeline/pipeline_adapter.go:367.2,367.22 1 1
github.com/redhat-appstudio/integration-service/controllers/pipeline/pipeline_adapter.go:344.16,346.3 1 0
github.com/redhat-appstudio/integration-service/controllers/pipeline/pipeline_adapter.go:349.62,351.50 2 1
github.com/redhat-appstudio/integration-service/controllers/pipeline/pipeline_adapter.go:354.3,357.5 1 1
github.com/redhat-appstudio/integration-service/controllers/pipeline/pipeline_adapter.go:351.50,353.4 1 1
github.com/redhat-appstudio/integration-service/controllers/pipeline/pipeline_adapter.go:363.16,365.3 1 0
github.com/redhat-appstudio/integration-service/controllers/pipeline/pipeline_adapter.go:372.225,374.16 2 1
github.com/redhat-appstudio/integration-service/controllers/pipeline/pipeline_adapter.go:378.2,379.16 2 1
github.com/redhat-appstudio/integration-service/controllers/pipeline/pipeline_adapter.go:383.2,383.28 1 1
github.com/redhat-appstudio/integration-service/controllers/pipeline/pipeline_adapter.go:386.2,394.22 5 1
github.com/redhat-appstudio/integration-service/controllers/pipeline/pipeline_adapter.go:374.16,376.3 1 0
github.com/redhat-appstudio/integration-service/controllers/pipeline/pipeline_adapter.go:379.16,381.3 1 0
github.com/redhat-appstudio/integration-service/controllers/pipeline/pipeline_adapter.go:383.28,385.3 1 1
github.com/redhat-appstudio/integration-service/controllers/pipeline/pipeline_adapter.go:399.206,401.16 2 1
github.com/redhat-appstudio/integration-service/controllers/pipeline/pipeline_adapter.go:405.2,405.28 1 1
github.com/redhat-appstudio/integration-service/controllers/pipeline/pipeline_adapter.go:408.2,410.22 2 1
github.com/redhat-appstudio/integration-service/controllers/pipeline/pipeline_adapter.go:401.16,403.3 1 0
github.com/redhat-appstudio/integration-service/controllers/pipeline/pipeline_adapter.go:405.28,407.3 1 1
github.com/redhat-appstudio/integration-service/controllers/pipeline/pipeline_adapter.go:415.245,417.16 2 1
github.com/redhat-appstudio/integration-service/controllers/pipeline/pipeline_adapter.go:421.2,422.16 2 1
github.com/redhat-appstudio/integration-service/controllers/pipeline/pipeline_adapter.go:427.2,431.65 3 1
github.com/redhat-appstudio/integration-service/controllers/pipeline/pipeline_adapter.go:456.2,456.17 1 1
github.com/redhat-appstudio/integration-service/controllers/pipeline/pipeline_adapter.go:417.16,419.3 1 0
github.com/redhat-appstudio/integration-service/controllers/pipeline/pipeline_adapter.go:422.16,424.3 1 0
github.com/redhat-appstudio/integration-service/controllers/pipeline/pipeline_adapter.go:431.65,433.17 2 1
github.com/redhat-appstudio/integration-service/controllers/pipeline/pipeline_adapter.go:437.3,437.39 1 1
github.com/redhat-appstudio/integration-service/controllers/pipeline/pipeline_adapter.go:433.17,435.4 1 0
github.com/redhat-appstudio/integration-service/controllers/pipeline/pipeline_adapter.go:437.39,443.4 2 1
github.com/redhat-appstudio/integration-service/controllers/pipeline/pipeline_adapter.go:443.9,445.18 2 1
github.com/redhat-appstudio/integration-service/controllers/pipeline/pipeline_adapter.go:448.4,452.33 2 1
github.com/redhat-appstudio/integration-service/controllers/pipeline/pipeline_adapter.go:445.18,447.5 1 0
github.com/redhat-appstudio/integration-service/controllers/pipeline/pipeline_controller.go:44.110,50.2 1 1
github.com/redhat-appstudio/integration-service/controllers/pipeline/pipeline_controller.go:61.92,66.16 4 1
github.com/redhat-appstudio/integration-service/controllers/pipeline/pipeline_controller.go:75.2,76.16 2 1
github.com/redhat-appstudio/integration-service/controllers/pipeline/pipeline_controller.go:81.2,82.16 2 1
github.com/redhat-appstudio/integration-service/controllers/pipeline/pipeline_controller.go:88.2,89.22 2 1
github.com/redhat-appstudio/integration-service/controllers/pipeline/pipeline_controller.go:105.2,107.36 2 1
github.com/redhat-appstudio/integration-service/controllers/pipeline/pipeline_controller.go:66.16,68.29 2 0
github.com/redhat-appstudio/integration-service/controllers/pipeline/pipeline_controller.go:72.3,72.28 1 0
github.com/redhat-appstudio/integration-service/controllers/pipeline/pipeline_controller.go:68.29,70.4 1 0
github.com/redhat-appstudio/integration-service/controllers/pipeline/pipeline_controller.go:76.16,80.3 2 0
github.com/redhat-appstudio/integration-service/controllers/pipeline/pipeline_controller.go:82.16,86.3 2 0
github.com/redhat-appstudio/integration-service/controllers/pipeline/pipeline_controller.go:89.22,91.17 2 1
github.com/redhat-appstudio/integration-service/controllers/pipeline/pipeline_controller.go:91.17,95.4 2 0
github.com/redhat-appstudio/integration-service/controllers/pipeline/pipeline_controller.go:96.8,96.55 1 0
github.com/redhat-appstudio/integration-service/controllers/pipeline/pipeline_controller.go:96.55,98.17 2 0
github.com/redhat-appstudio/integration-service/controllers/pipeline/pipeline_controller.go:98.17,102.4 2 0
github.com/redhat-appstudio/integration-service/controllers/pipeline/pipeline_controller.go:112.179,114.71 2 1
github.com/redhat-appstudio/integration-service/controllers/pipeline/pipeline_controller.go:128.2,128.17 1 0
github.com/redhat-appstudio/integration-service/controllers/pipeline/pipeline_controller.go:114.71,121.17 3 1
github.com/redhat-appstudio/integration-service/controllers/pipeline/pipeline_controller.go:125.3,125.24 1 1
github.com/redhat-appstudio/integration-service/controllers/pipeline/pipeline_controller.go:121.17,123.4 1 0
github.com/redhat-appstudio/integration-service/controllers/pipeline/pipeline_controller.go:133.183,135.73 2 0
github.com/redhat-appstudio/integration-service/controllers/pipeline/pipeline_controller.go:149.2,149.17 1 0
github.com/redhat-appstudio/integration-service/controllers/pipeline/pipeline_controller.go:135.73,142.17 3 0
github.com/redhat-appstudio/integration-service/controllers/pipeline/pipeline_controller.go:146.3,146.26 1 0
github.com/redhat-appstudio/integration-service/controllers/pipeline/pipeline_controller.go:142.17,144.4 1 0
github.com/redhat-appstudio/integration-service/controllers/pipeline/pipeline_controller.go:154.165,161.16 3 1
github.com/redhat-appstudio/integration-service/controllers/pipeline/pipeline_controller.go:165.2,165.25 1 1
github.com/redhat-appstudio/integration-service/controllers/pipeline/pipeline_controller.go:161.16,163.3 1 0
github.com/redhat-appstudio/integration-service/controllers/pipeline/pipeline_controller.go:180.86,187.39 2 1
github.com/redhat-appstudio/integration-service/controllers/pipeline/pipeline_controller.go:197.2,197.27 1 1
github.com/redhat-appstudio/integration-service/controllers/pipeline/pipeline_controller.go:187.39,189.42 2 1
github.com/redhat-appstudio/integration-service/controllers/pipeline/pipeline_controller.go:192.3,192.27 1 1
github.com/redhat-appstudio/integration-service/controllers/pipeline/pipeline_controller.go:189.42,191.4 1 0
github.com/redhat-appstudio/integration-service/controllers/pipeline/pipeline_controller.go:192.27,194.4 1 0
github.com/redhat-appstudio/integration-service/controllers/pipeline/pipeline_controller.go:201.68,203.2 1 1
github.com/redhat-appstudio/integration-service/controllers/pipeline/pipeline_controller.go:207.41,208.60 1 1
github.com/redhat-appstudio/integration-service/controllers/pipeline/pipeline_controller.go:212.2,212.48 1 1
github.com/redhat-appstudio/integration-service/controllers/pipeline/pipeline_controller.go:216.2,216.47 1 1
github.com/redhat-appstudio/integration-service/controllers/pipeline/pipeline_controller.go:208.60,210.3 1 0
github.com/redhat-appstudio/integration-service/controllers/pipeline/pipeline_controller.go:212.48,214.3 1 0
github.com/redhat-appstudio/integration-service/controllers/pipeline/pipeline_controller.go:221.85,223.16 2 1
github.com/redhat-appstudio/integration-service/controllers/pipeline/pipeline_controller.go:227.2,232.23 1 1
github.com/redhat-appstudio/integration-service/controllers/pipeline/pipeline_controller.go:223.16,225.3 1 0
github.com/redhat-appstudio/integration-service/gitops/binding.go:28.266,45.2 3 1
github.com/redhat-appstudio/integration-service/gitops/binding.go:49.120,51.39 2 1
github.com/redhat-appstudio/integration-service/gitops/binding.go:59.2,59.27 1 1
github.com/redhat-appstudio/integration-service/gitops/binding.go:51.39,58.3 1 1
github.com/redhat-appstudio/integration-service/gitops/binding.go:64.253,72.16 4 1
github.com/redhat-appstudio/integration-service/gitops/binding.go:76.2,76.63 1 1
github.com/redhat-appstudio/integration-service/gitops/binding.go:82.2,82.17 1 1
github.com/redhat-appstudio/integration-service/gitops/binding.go:72.16,74.3 1 0
github.com/redhat-appstudio/integration-service/gitops/binding.go:76.63,77.51 1 1
github.com/redhat-appstudio/integration-service/gitops/binding.go:77.51,79.4 1 1
github.com/redhat-appstudio/integration-service/gitops/snapshot.go:83.178,92.16 4 1
github.com/redhat-appstudio/integration-service/gitops/snapshot.go:95.2,95.22 1 1
github.com/redhat-appstudio/integration-service/gitops/snapshot.go:92.16,94.3 1 0
github.com/redhat-appstudio/integration-service/gitops/snapshot.go:100.178,109.16 4 1
github.com/redhat-appstudio/integration-service/gitops/snapshot.go:112.2,112.22 1 1
github.com/redhat-appstudio/integration-service/gitops/snapshot.go:109.16,111.3 1 0
github.com/redhat-appstudio/integration-service/gitops/snapshot.go:116.103,123.2 1 1
github.com/redhat-appstudio/integration-service/gitops/snapshot.go:126.77,128.2 1 1
github.com/redhat-appstudio/integration-service/gitops/snapshot.go:131.78,133.2 1 1
github.com/redhat-appstudio/integration-service/gitops/snapshot.go:136.167,148.2 2 1
github.com/redhat-appstudio/integration-service/gitops/snapshot.go:151.219,153.16 2 1
github.com/redhat-appstudio/integration-service/gitops/snapshot.go:157.2,157.46 1 1
github.com/redhat-appstudio/integration-service/gitops/snapshot.go:163.2,163.17 1 0
github.com/redhat-appstudio/integration-service/gitops/snapshot.go:153.16,155.3 1 0
github.com/redhat-appstudio/integration-service/gitops/snapshot.go:157.46,159.57 2 1
github.com/redhat-appstudio/integration-service/gitops/snapshot.go:159.57,161.4 1 1
github.com/redhat-appstudio/integration-service/gitops/snapshot.go:168.165,176.16 4 1
github.com/redhat-appstudio/integration-service/gitops/snapshot.go:180.2,180.30 1 1
github.com/redhat-appstudio/integration-service/gitops/snapshot.go:176.16,178.3 1 0
github.com/redhat-appstudio/integration-service/gitops/snapshot.go:184.127,186.99 1 1
github.com/redhat-appstudio/integration-service/gitops/snapshot.go:190.2,190.81 1 1
github.com/redhat-appstudio/integration-service/gitops/snapshot.go:195.2,195.77 1 1
github.com/redhat-appstudio/integration-service/gitops/snapshot.go:208.2,208.13 1 1
github.com/redhat-appstudio/integration-service/gitops/snapshot.go:186.99,188.3 1 0
github.com/redhat-appstudio/integration-service/gitops/snapshot.go:190.81,192.3 1 1
github.com/redhat-appstudio/integration-service/gitops/snapshot.go:195.77,197.72 2 1
github.com/redhat-appstudio/integration-service/gitops/snapshot.go:203.3,203.18 1 1
github.com/redhat-appstudio/integration-service/gitops/snapshot.go:197.72,198.59 1 1
github.com/redhat-appstudio/integration-service/gitops/snapshot.go:198.59,200.10 2 1
github.com/redhat-appstudio/integration-service/gitops/snapshot.go:203.18,205.4 1 0
github.com/redhat-appstudio/integration-service/gitops/snapshot.go:212.83,214.2 1 1
github.com/redhat-appstudio/integration-service/helpers/integration.go:62.94,64.2 1 1
github.com/redhat-appstudio/integration-service/helpers/integration.go:67.48,69.2 1 1
github.com/redhat-appstudio/integration-service/helpers/integration.go:73.44,74.40 1 1
github.com/redhat-appstudio/integration-service/helpers/integration.go:77.2,77.41 1 1
github.com/redhat-appstudio/integration-service/helpers/integration.go:74.40,76.3 1 1
github.com/redhat-appstudio/integration-service/helpers/integration.go:82.47,85.45 3 1
github.com/redhat-appstudio/integration-service/helpers/integration.go:90.2,90.23 1 1
github.com/redhat-appstudio/integration-service/helpers/integration.go:85.45,87.3 1 1
github.com/redhat-appstudio/integration-service/helpers/integration.go:87.8,89.3 1 1
github.com/redhat-appstudio/integration-service/helpers/integration.go:94.61,96.25 1 1
github.com/redhat-appstudio/integration-service/helpers/integration.go:100.2,100.65 1 1
github.com/redhat-appstudio/integration-service/helpers/integration.go:112.2,112.17 1 1
github.com/redhat-appstudio/integration-service/helpers/integration.go:96.25,98.3 1 1
github.com/redhat-appstudio/integration-service/helpers/integration.go:100.65,101.48 1 1
github.com/redhat-appstudio/integration-service/helpers/integration.go:101.48,104.18 3 1
github.com/redhat-appstudio/integration-service/helpers/integration.go:107.4,109.23 3 1
github.com/redhat-appstudio/integration-service/helpers/integration.go:104.18,106.5 1 1
github.com/redhat-appstudio/integration-service/helpers/integration.go:119.44,121.2 1 1
github.com/redhat-appstudio/integration-service/helpers/integration.go:124.53,126.2 1 1
github.com/redhat-appstudio/integration-service/helpers/integration.go:129.58,131.2 1 1
github.com/redhat-appstudio/integration-service/helpers/integration.go:136.200,139.16 3 1
github.com/redhat-appstudio/integration-service/helpers/integration.go:142.2,151.16 4 1
github.com/redhat-appstudio/integration-service/helpers/integration.go:155.2,155.36 1 1
github.com/redhat-appstudio/integration-service/helpers/integration.go:139.16,141.3 1 0
github.com/redhat-appstudio/integration-service/helpers/integration.go:151.16,153.3 1 0
github.com/redhat-appstudio/integration-service/helpers/integration.go:159.195,168.16 4 1
github.com/redhat-appstudio/integration-service/helpers/integration.go:172.2,172.36 1 1
github.com/redhat-appstudio/integration-service/helpers/integration.go:168.16,170.3 1 0
github.com/redhat-appstudio/integration-service/helpers/integration.go:177.119,179.16 2 1
github.com/redhat-appstudio/integration-service/helpers/integration.go:182.2,182.33 1 1
github.com/redhat-appstudio/integration-service/helpers/integration.go:187.2,187.18 1 1
github.com/redhat-appstudio/integration-service/helpers/integration.go:179.16,181.3 1 1
github.com/redhat-appstudio/integration-service/helpers/integration.go:182.33,183.89 1 1
github.com/redhat-appstudio/integration-service/helpers/integration.go:183.89,185.4 1 1
github.com/redhat-appstudio/integration-service/helpers/integration.go:193.286,206.16 5 0
github.com/redhat-appstudio/integration-service/helpers/integration.go:210.2,211.60 2 0
github.com/redhat-appstudio/integration-service/helpers/integration.go:223.2,223.41 1 0
github.com/redhat-appstudio/integration-service/helpers/integration.go:227.2,227.17 1 0
github.com/redhat-appstudio/integration-service/helpers/integration.go:206.16,208.3 1 0
github.com/redhat-appstudio/integration-service/helpers/integration.go:211.60,213.72 2 0
github.com/redhat-appstudio/integration-service/helpers/integration.go:213.72,214.43 1 0
github.com/redhat-appstudio/integration-service/helpers/integration.go:214.43,216.5 1 0
github.com/redhat-appstudio/integration-service/helpers/integration.go:216.10,217.110 1 0
github.com/redhat-appstudio/integration-service/helpers/integration.go:217.110,219.6 1 0
github.com/redhat-appstudio/integration-service/helpers/integration.go:223.41,225.3 1 0
github.com/redhat-appstudio/integration-service/helpers/integration.go:231.129,234.30 3 1
github.com/redhat-appstudio/integration-service/helpers/integration.go:243.2,243.21 1 1
github.com/redhat-appstudio/integration-service/helpers/integration.go:234.30,236.17 2 1
github.com/redhat-appstudio/integration-service/helpers/integration.go:239.3,239.15 1 1
github.com/redhat-appstudio/integration-service/helpers/integration.go:236.17,238.4 1 1
github.com/redhat-appstudio/integration-service/helpers/integration.go:239.15,241.4 1 1
github.com/redhat-appstudio/integration-service/helpers/integration.go:247.104,249.49 2 1
github.com/redhat-appstudio/integration-service/helpers/integration.go:252.2,253.17 2 1
github.com/redhat-appstudio/integration-service/helpers/integration.go:249.49,251.3 1 1
github.com/redhat-appstudio/integration-service/helpers/metadata.go:11.66,15.2 2 1
github.com/redhat-appstudio/integration-service/helpers/metadata.go:18.82,19.92 1 1
github.com/redhat-appstudio/integration-service/helpers/metadata.go:23.2,23.14 1 1
github.com/redhat-appstudio/integration-service/helpers/metadata.go:19.92,21.3 1 1
github.com/redhat-appstudio/integration-service/helpers/metadata.go:27.56,31.2 2 1
github.com/redhat-appstudio/integration-service/helpers/metadata.go:34.72,35.82 1 1
github.com/redhat-appstudio/integration-service/helpers/metadata.go:39.2,39.14 1 1
github.com/redhat-appstudio/integration-service/helpers/metadata.go:35.82,37.3 1 1
github.com/redhat-appstudio/integration-service/helpers/metadata.go:44.87,45.30 1 1
github.com/redhat-appstudio/integration-service/helpers/metadata.go:45.30,46.37 1 1
github.com/redhat-appstudio/integration-service/helpers/metadata.go:46.37,48.35 2 1
github.com/redhat-appstudio/integration-service/helpers/metadata.go:51.4,51.24 1 1
github.com/redhat-appstudio/integration-service/helpers/metadata.go:48.35,50.5 1 1
github.com/redhat-appstudio/integration-service/helpers/metadata.go:58.89,59.28 1 1
github.com/redhat-appstudio/integration-service/helpers/metadata.go:62.2,62.29 1 1
github.com/redhat-appstudio/integration-service/helpers/metadata.go:65.2,65.81 1 1
github.com/redhat-appstudio/integration-service/helpers/metadata.go:59.28,61.3 1 1
github.com/redhat-appstudio/integration-service/helpers/metadata.go:62.29,64.3 1 1
github.com/redhat-appstudio/integration-service/helpers/metadata.go:70.94,71.33 1 1
github.com/redhat-appstudio/integration-service/helpers/metadata.go:74.2,74.34 1 1
github.com/redhat-appstudio/integration-service/helpers/metadata.go:77.2,77.91 1 1
github.com/redhat-appstudio/integration-service/helpers/metadata.go:71.33,73.3 1 1
github.com/redhat-appstudio/integration-service/helpers/metadata.go:74.34,76.3 1 1
